WARNING 2026-04-06 15:23:11,659 exceptions 404 Not Found: /api/v1/orders/dc1ae78c-8919-40f3-911c-d08933ce5c1c/complete/
ERROR 2026-04-06 16:28:44,139 exceptions Unhandled exception: 'UserAddress' object has no attribute 'update'
Traceback (most recent call last):
  File "/usr/local/lib/python3.13/site-packages/rest_framework/views.py", line 512, in dispatch
    response = handler(request, *args, **kwargs)
  File "/app/kakebe_apps/location/views.py", line 112, in destroy
    other_addresses.first().update(is_default=True)
    ^^^^^^^^^^^^^^^^^^^^^^^^^^^^^^
AttributeError: 'UserAddress' object has no attribute 'update'
Traceback (most recent call last):
  File "/usr/local/lib/python3.13/site-packages/rest_framework/views.py", line 512, in dispatch
    response = handler(request, *args, **kwargs)
  File "/app/kakebe_apps/location/views.py", line 112, in destroy
    other_addresses.first().update(is_default=True)
    ^^^^^^^^^^^^^^^^^^^^^^^^^^^^^^
AttributeError: 'UserAddress' object has no attribute 'update'
ERROR 2026-04-06 16:28:44,142 exceptions 500 Internal Server Error: /api/v1/addresses/0cd785a1-e61d-4d35-b25c-dbfbd3fe32d9/
ERROR 2026-04-06 16:31:44,115 exceptions Unhandled exception: ("Cannot delete some instances of model 'UserAddress' because they are referenced through protected foreign keys: 'OrderIntent.address'.", {<OrderIntent: Order ORD-20260405-M2VKB3>, <OrderIntent: Order ORD-20260406-PPGL0D>, <OrderIntent: Order ORD-20260406-FULUCL>, <OrderIntent: Order ORD-20260406-OF0JNE>, <OrderIntent: Order ORD-20260405-OKBNDA>, <OrderIntent: Order ORD-20260406-26JI51>, <OrderIntent: Order ORD-20260405-92C1FD>, <OrderIntent: Order ORD-20260405-J0GI55>, <OrderIntent: Order ORD-20260406-ZR2UH0>, <OrderIntent: Order ORD-20260406-Y8P2BL>, <OrderIntent: Order ORD-20260406-50E25W>})
Traceback (most recent call last):
  File "/usr/local/lib/python3.13/site-packages/rest_framework/views.py", line 512, in dispatch
    response = handler(request, *args, **kwargs)
  File "/app/kakebe_apps/location/views.py", line 121, in destroy
    self.perform_destroy(instance)
    ~~~~~~~~~~~~~~~~~~~~^^^^^^^^^^
  File "/usr/local/lib/python3.13/site-packages/rest_framework/mixins.py", line 95, in perform_destroy
    instance.delete()
    ~~~~~~~~~~~~~~~^^
  File "/usr/local/lib/python3.13/site-packages/django/db/models/base.py", line 1280, in delete
    collector.collect([self], keep_parents=keep_parents)
    ~~~~~~~~~~~~~~~~~^^^^^^^^^^^^^^^^^^^^^^^^^^^^^^^^^^^
  File "/usr/local/lib/python3.13/site-packages/django/db/models/deletion.py", line 350, in collect
    raise ProtectedError(
    ...<7 lines>...
    )
django.db.models.deletion.ProtectedError: ("Cannot delete some instances of model 'UserAddress' because they are referenced through protected foreign keys: 'OrderIntent.address'.", {<OrderIntent: Order ORD-20260405-M2VKB3>, <OrderIntent: Order ORD-20260406-PPGL0D>, <OrderIntent: Order ORD-20260406-FULUCL>, <OrderIntent: Order ORD-20260406-OF0JNE>, <OrderIntent: Order ORD-20260405-OKBNDA>, <OrderIntent: Order ORD-20260406-26JI51>, <OrderIntent: Order ORD-20260405-92C1FD>, <OrderIntent: Order ORD-20260405-J0GI55>, <OrderIntent: Order ORD-20260406-ZR2UH0>, <OrderIntent: Order ORD-20260406-Y8P2BL>, <OrderIntent: Order ORD-20260406-50E25W>})
Traceback (most recent call last):
  File "/usr/local/lib/python3.13/site-packages/rest_framework/views.py", line 512, in dispatch
    response = handler(request, *args, **kwargs)
  File "/app/kakebe_apps/location/views.py", line 121, in destroy
    self.perform_destroy(instance)
    ~~~~~~~~~~~~~~~~~~~~^^^^^^^^^^
  File "/usr/local/lib/python3.13/site-packages/rest_framework/mixins.py", line 95, in perform_destroy
    instance.delete()
    ~~~~~~~~~~~~~~~^^
  File "/usr/local/lib/python3.13/site-packages/django/db/models/base.py", line 1280, in delete
    collector.collect([self], keep_parents=keep_parents)
    ~~~~~~~~~~~~~~~~~^^^^^^^^^^^^^^^^^^^^^^^^^^^^^^^^^^^
  File "/usr/local/lib/python3.13/site-packages/django/db/models/deletion.py", line 350, in collect
    raise ProtectedError(
    ...<7 lines>...
    )
django.db.models.deletion.ProtectedError: ("Cannot delete some instances of model 'UserAddress' because they are referenced through protected foreign keys: 'OrderIntent.address'.", {<OrderIntent: Order ORD-20260405-M2VKB3>, <OrderIntent: Order ORD-20260406-PPGL0D>, <OrderIntent: Order ORD-20260406-FULUCL>, <OrderIntent: Order ORD-20260406-OF0JNE>, <OrderIntent: Order ORD-20260405-OKBNDA>, <OrderIntent: Order ORD-20260406-26JI51>, <OrderIntent: Order ORD-20260405-92C1FD>, <OrderIntent: Order ORD-20260405-J0GI55>, <OrderIntent: Order ORD-20260406-ZR2UH0>, <OrderIntent: Order ORD-20260406-Y8P2BL>, <OrderIntent: Order ORD-20260406-50E25W>})
ERROR 2026-04-06 16:31:44,117 exceptions 500 Internal Server Error: /api/v1/addresses/0cd785a1-e61d-4d35-b25c-dbfbd3fe32d9/
ERROR 2026-04-06 16:32:32,833 exceptions Unhandled exception: ("Cannot delete some instances of model 'UserAddress' because they are referenced through protected foreign keys: 'OrderIntent.address'.", {<OrderIntent: Order ORD-20260405-M2VKB3>, <OrderIntent: Order ORD-20260406-PPGL0D>, <OrderIntent: Order ORD-20260406-FULUCL>, <OrderIntent: Order ORD-20260406-OF0JNE>, <OrderIntent: Order ORD-20260405-OKBNDA>, <OrderIntent: Order ORD-20260406-26JI51>, <OrderIntent: Order ORD-20260405-92C1FD>, <OrderIntent: Order ORD-20260405-J0GI55>, <OrderIntent: Order ORD-20260406-ZR2UH0>, <OrderIntent: Order ORD-20260406-Y8P2BL>, <OrderIntent: Order ORD-20260406-50E25W>})
Traceback (most recent call last):
  File "/usr/local/lib/python3.13/site-packages/rest_framework/views.py", line 512, in dispatch
    response = handler(request, *args, **kwargs)
  File "/app/kakebe_apps/location/views.py", line 121, in destroy
    self.perform_destroy(instance)
    ~~~~~~~~~~~~~~~~~~~~^^^^^^^^^^
  File "/usr/local/lib/python3.13/site-packages/rest_framework/mixins.py", line 95, in perform_destroy
    instance.delete()
    ~~~~~~~~~~~~~~~^^
  File "/usr/local/lib/python3.13/site-packages/django/db/models/base.py", line 1280, in delete
    collector.collect([self], keep_parents=keep_parents)
    ~~~~~~~~~~~~~~~~~^^^^^^^^^^^^^^^^^^^^^^^^^^^^^^^^^^^
  File "/usr/local/lib/python3.13/site-packages/django/db/models/deletion.py", line 350, in collect
    raise ProtectedError(
    ...<7 lines>...
    )
django.db.models.deletion.ProtectedError: ("Cannot delete some instances of model 'UserAddress' because they are referenced through protected foreign keys: 'OrderIntent.address'.", {<OrderIntent: Order ORD-20260405-M2VKB3>, <OrderIntent: Order ORD-20260406-PPGL0D>, <OrderIntent: Order ORD-20260406-FULUCL>, <OrderIntent: Order ORD-20260406-OF0JNE>, <OrderIntent: Order ORD-20260405-OKBNDA>, <OrderIntent: Order ORD-20260406-26JI51>, <OrderIntent: Order ORD-20260405-92C1FD>, <OrderIntent: Order ORD-20260405-J0GI55>, <OrderIntent: Order ORD-20260406-ZR2UH0>, <OrderIntent: Order ORD-20260406-Y8P2BL>, <OrderIntent: Order ORD-20260406-50E25W>})
Traceback (most recent call last):
  File "/usr/local/lib/python3.13/site-packages/rest_framework/views.py", line 512, in dispatch
    response = handler(request, *args, **kwargs)
  File "/app/kakebe_apps/location/views.py", line 121, in destroy
    self.perform_destroy(instance)
    ~~~~~~~~~~~~~~~~~~~~^^^^^^^^^^
  File "/usr/local/lib/python3.13/site-packages/rest_framework/mixins.py", line 95, in perform_destroy
    instance.delete()
    ~~~~~~~~~~~~~~~^^
  File "/usr/local/lib/python3.13/site-packages/django/db/models/base.py", line 1280, in delete
    collector.collect([self], keep_parents=keep_parents)
    ~~~~~~~~~~~~~~~~~^^^^^^^^^^^^^^^^^^^^^^^^^^^^^^^^^^^
  File "/usr/local/lib/python3.13/site-packages/django/db/models/deletion.py", line 350, in collect
    raise ProtectedError(
    ...<7 lines>...
    )
django.db.models.deletion.ProtectedError: ("Cannot delete some instances of model 'UserAddress' because they are referenced through protected foreign keys: 'OrderIntent.address'.", {<OrderIntent: Order ORD-20260405-M2VKB3>, <OrderIntent: Order ORD-20260406-PPGL0D>, <OrderIntent: Order ORD-20260406-FULUCL>, <OrderIntent: Order ORD-20260406-OF0JNE>, <OrderIntent: Order ORD-20260405-OKBNDA>, <OrderIntent: Order ORD-20260406-26JI51>, <OrderIntent: Order ORD-20260405-92C1FD>, <OrderIntent: Order ORD-20260405-J0GI55>, <OrderIntent: Order ORD-20260406-ZR2UH0>, <OrderIntent: Order ORD-20260406-Y8P2BL>, <OrderIntent: Order ORD-20260406-50E25W>})
ERROR 2026-04-06 16:32:32,836 exceptions 500 Internal Server Error: /api/v1/addresses/0cd785a1-e61d-4d35-b25c-dbfbd3fe32d9/
ERROR 2026-04-06 16:33:25,797 exceptions Unhandled exception: ("Cannot delete some instances of model 'UserAddress' because they are referenced through protected foreign keys: 'OrderIntent.address'.", {<OrderIntent: Order ORD-20260405-M2VKB3>, <OrderIntent: Order ORD-20260406-PPGL0D>, <OrderIntent: Order ORD-20260406-FULUCL>, <OrderIntent: Order ORD-20260406-OF0JNE>, <OrderIntent: Order ORD-20260405-OKBNDA>, <OrderIntent: Order ORD-20260406-26JI51>, <OrderIntent: Order ORD-20260405-92C1FD>, <OrderIntent: Order ORD-20260405-J0GI55>, <OrderIntent: Order ORD-20260406-ZR2UH0>, <OrderIntent: Order ORD-20260406-Y8P2BL>, <OrderIntent: Order ORD-20260406-50E25W>})
Traceback (most recent call last):
  File "/usr/local/lib/python3.13/site-packages/rest_framework/views.py", line 512, in dispatch
    response = handler(request, *args, **kwargs)
  File "/app/kakebe_apps/location/views.py", line 121, in destroy
    self.perform_destroy(instance)
    ~~~~~~~~~~~~~~~~~~~~^^^^^^^^^^
  File "/usr/local/lib/python3.13/site-packages/rest_framework/mixins.py", line 95, in perform_destroy
    instance.delete()
    ~~~~~~~~~~~~~~~^^
  File "/usr/local/lib/python3.13/site-packages/django/db/models/base.py", line 1280, in delete
    collector.collect([self], keep_parents=keep_parents)
    ~~~~~~~~~~~~~~~~~^^^^^^^^^^^^^^^^^^^^^^^^^^^^^^^^^^^
  File "/usr/local/lib/python3.13/site-packages/django/db/models/deletion.py", line 350, in collect
    raise ProtectedError(
    ...<7 lines>...
    )
django.db.models.deletion.ProtectedError: ("Cannot delete some instances of model 'UserAddress' because they are referenced through protected foreign keys: 'OrderIntent.address'.", {<OrderIntent: Order ORD-20260405-M2VKB3>, <OrderIntent: Order ORD-20260406-PPGL0D>, <OrderIntent: Order ORD-20260406-FULUCL>, <OrderIntent: Order ORD-20260406-OF0JNE>, <OrderIntent: Order ORD-20260405-OKBNDA>, <OrderIntent: Order ORD-20260406-26JI51>, <OrderIntent: Order ORD-20260405-92C1FD>, <OrderIntent: Order ORD-20260405-J0GI55>, <OrderIntent: Order ORD-20260406-ZR2UH0>, <OrderIntent: Order ORD-20260406-Y8P2BL>, <OrderIntent: Order ORD-20260406-50E25W>})
Traceback (most recent call last):
  File "/usr/local/lib/python3.13/site-packages/rest_framework/views.py", line 512, in dispatch
    response = handler(request, *args, **kwargs)
  File "/app/kakebe_apps/location/views.py", line 121, in destroy
    self.perform_destroy(instance)
    ~~~~~~~~~~~~~~~~~~~~^^^^^^^^^^
  File "/usr/local/lib/python3.13/site-packages/rest_framework/mixins.py", line 95, in perform_destroy
    instance.delete()
    ~~~~~~~~~~~~~~~^^
  File "/usr/local/lib/python3.13/site-packages/django/db/models/base.py", line 1280, in delete
    collector.collect([self], keep_parents=keep_parents)
    ~~~~~~~~~~~~~~~~~^^^^^^^^^^^^^^^^^^^^^^^^^^^^^^^^^^^
  File "/usr/local/lib/python3.13/site-packages/django/db/models/deletion.py", line 350, in collect
    raise ProtectedError(
    ...<7 lines>...
    )
django.db.models.deletion.ProtectedError: ("Cannot delete some instances of model 'UserAddress' because they are referenced through protected foreign keys: 'OrderIntent.address'.", {<OrderIntent: Order ORD-20260405-M2VKB3>, <OrderIntent: Order ORD-20260406-PPGL0D>, <OrderIntent: Order ORD-20260406-FULUCL>, <OrderIntent: Order ORD-20260406-OF0JNE>, <OrderIntent: Order ORD-20260405-OKBNDA>, <OrderIntent: Order ORD-20260406-26JI51>, <OrderIntent: Order ORD-20260405-92C1FD>, <OrderIntent: Order ORD-20260405-J0GI55>, <OrderIntent: Order ORD-20260406-ZR2UH0>, <OrderIntent: Order ORD-20260406-Y8P2BL>, <OrderIntent: Order ORD-20260406-50E25W>})
ERROR 2026-04-06 16:33:25,800 exceptions 500 Internal Server Error: /api/v1/addresses/0cd785a1-e61d-4d35-b25c-dbfbd3fe32d9/
ERROR 2026-04-06 16:33:40,696 exceptions Unhandled exception: ("Cannot delete some instances of model 'UserAddress' because they are referenced through protected foreign keys: 'OrderIntent.address'.", {<OrderIntent: Order ORD-20260405-M2VKB3>, <OrderIntent: Order ORD-20260406-PPGL0D>, <OrderIntent: Order ORD-20260406-FULUCL>, <OrderIntent: Order ORD-20260406-OF0JNE>, <OrderIntent: Order ORD-20260405-OKBNDA>, <OrderIntent: Order ORD-20260406-26JI51>, <OrderIntent: Order ORD-20260405-92C1FD>, <OrderIntent: Order ORD-20260405-J0GI55>, <OrderIntent: Order ORD-20260406-ZR2UH0>, <OrderIntent: Order ORD-20260406-Y8P2BL>, <OrderIntent: Order ORD-20260406-50E25W>})
Traceback (most recent call last):
  File "/usr/local/lib/python3.13/site-packages/rest_framework/views.py", line 512, in dispatch
    response = handler(request, *args, **kwargs)
  File "/app/kakebe_apps/location/views.py", line 121, in destroy
    self.perform_destroy(instance)
    ~~~~~~~~~~~~~~~~~~~~^^^^^^^^^^
  File "/usr/local/lib/python3.13/site-packages/rest_framework/mixins.py", line 95, in perform_destroy
    instance.delete()
    ~~~~~~~~~~~~~~~^^
  File "/usr/local/lib/python3.13/site-packages/django/db/models/base.py", line 1280, in delete
    collector.collect([self], keep_parents=keep_parents)
    ~~~~~~~~~~~~~~~~~^^^^^^^^^^^^^^^^^^^^^^^^^^^^^^^^^^^
  File "/usr/local/lib/python3.13/site-packages/django/db/models/deletion.py", line 350, in collect
    raise ProtectedError(
    ...<7 lines>...
    )
django.db.models.deletion.ProtectedError: ("Cannot delete some instances of model 'UserAddress' because they are referenced through protected foreign keys: 'OrderIntent.address'.", {<OrderIntent: Order ORD-20260405-M2VKB3>, <OrderIntent: Order ORD-20260406-PPGL0D>, <OrderIntent: Order ORD-20260406-FULUCL>, <OrderIntent: Order ORD-20260406-OF0JNE>, <OrderIntent: Order ORD-20260405-OKBNDA>, <OrderIntent: Order ORD-20260406-26JI51>, <OrderIntent: Order ORD-20260405-92C1FD>, <OrderIntent: Order ORD-20260405-J0GI55>, <OrderIntent: Order ORD-20260406-ZR2UH0>, <OrderIntent: Order ORD-20260406-Y8P2BL>, <OrderIntent: Order ORD-20260406-50E25W>})
Traceback (most recent call last):
  File "/usr/local/lib/python3.13/site-packages/rest_framework/views.py", line 512, in dispatch
    response = handler(request, *args, **kwargs)
  File "/app/kakebe_apps/location/views.py", line 121, in destroy
    self.perform_destroy(instance)
    ~~~~~~~~~~~~~~~~~~~~^^^^^^^^^^
  File "/usr/local/lib/python3.13/site-packages/rest_framework/mixins.py", line 95, in perform_destroy
    instance.delete()
    ~~~~~~~~~~~~~~~^^
  File "/usr/local/lib/python3.13/site-packages/django/db/models/base.py", line 1280, in delete
    collector.collect([self], keep_parents=keep_parents)
    ~~~~~~~~~~~~~~~~~^^^^^^^^^^^^^^^^^^^^^^^^^^^^^^^^^^^
  File "/usr/local/lib/python3.13/site-packages/django/db/models/deletion.py", line 350, in collect
    raise ProtectedError(
    ...<7 lines>...
    )
django.db.models.deletion.ProtectedError: ("Cannot delete some instances of model 'UserAddress' because they are referenced through protected foreign keys: 'OrderIntent.address'.", {<OrderIntent: Order ORD-20260405-M2VKB3>, <OrderIntent: Order ORD-20260406-PPGL0D>, <OrderIntent: Order ORD-20260406-FULUCL>, <OrderIntent: Order ORD-20260406-OF0JNE>, <OrderIntent: Order ORD-20260405-OKBNDA>, <OrderIntent: Order ORD-20260406-26JI51>, <OrderIntent: Order ORD-20260405-92C1FD>, <OrderIntent: Order ORD-20260405-J0GI55>, <OrderIntent: Order ORD-20260406-ZR2UH0>, <OrderIntent: Order ORD-20260406-Y8P2BL>, <OrderIntent: Order ORD-20260406-50E25W>})
ERROR 2026-04-06 16:33:40,698 exceptions 500 Internal Server Error: /api/v1/addresses/0cd785a1-e61d-4d35-b25c-dbfbd3fe32d9/
WARNING 2026-04-06 16:59:08,081 exceptions 404 Not Found: /api/v1/merchants/26bdd725-64c9-44d1-b35c-65c61806a0d5
WARNING 2026-04-06 16:59:08,957 exceptions 404 Not Found: /api/v1/merchants/26bdd725-64c9-44d1-b35c-65c61806a0d5/listings
WARNING 2026-04-06 18:23:24,808 exceptions 404 Not Found: /admin
WARNING 2026-04-06 18:23:27,620 exceptions 404 Not Found: /favicon.ico
WARNING 2026-04-06 18:57:25,480 exceptions 404 Not Found: /api/v1/merchants/8eac2b86-b04d-42fe-b132-fed6cbef6f86/listings
WARNING 2026-04-06 18:57:25,481 exceptions 404 Not Found: /api/v1/merchants/8eac2b86-b04d-42fe-b132-fed6cbef6f86
WARNING 2026-04-06 18:57:37,968 exceptions 404 Not Found: /api/v1/merchants/49e98f5d-c373-40eb-9d0a-1d6c3b9e07bd/listings
WARNING 2026-04-06 18:57:37,980 exceptions 404 Not Found: /api/v1/merchants/49e98f5d-c373-40eb-9d0a-1d6c3b9e07bd
WARNING 2026-04-06 19:20:25,479 exceptions 400 Bad Request: /
WARNING 2026-04-06 19:24:08,640 exceptions 404 Not Found: /api/v1/merchants/4539c6d1-5a94-442a-ad71-e14b955fe578/listings
WARNING 2026-04-06 19:24:08,641 exceptions 404 Not Found: /api/v1/merchants/4539c6d1-5a94-442a-ad71-e14b955fe578
WARNING 2026-04-06 19:32:25,555 exceptions 404 Not Found: /api/v1/merchants/26bdd725-64c9-44d1-b35c-65c61806a0d5/listings
WARNING 2026-04-06 19:32:25,577 exceptions 404 Not Found: /api/v1/merchants/26bdd725-64c9-44d1-b35c-65c61806a0d5
ERROR 2026-04-06 19:35:12,526 exceptions 500 Internal Server Error: /admin/location/useraddress/
WARNING 2026-04-06 19:40:52,644 exceptions 404 Not Found: /api/v1/merchants/49e98f5d-c373-40eb-9d0a-1d6c3b9e07bd/listings
WARNING 2026-04-06 19:40:52,644 exceptions 404 Not Found: /api/v1/merchants/49e98f5d-c373-40eb-9d0a-1d6c3b9e07bd
WARNING 2026-04-06 19:41:04,780 exceptions 404 Not Found: /api/v1/merchants/4539c6d1-5a94-442a-ad71-e14b955fe578/listings
WARNING 2026-04-06 19:41:04,782 exceptions 404 Not Found: /api/v1/merchants/4539c6d1-5a94-442a-ad71-e14b955fe578
WARNING 2026-04-06 20:29:35,070 exceptions 404 Not Found: /api/v1/merchants/4539c6d1-5a94-442a-ad71-e14b955fe578/listings
WARNING 2026-04-06 20:29:35,072 exceptions 404 Not Found: /api/v1/merchants/4539c6d1-5a94-442a-ad71-e14b955fe578
WARNING 2026-04-06 20:36:07,088 exceptions 404 Not Found: /robots.txt
WARNING 2026-04-07 00:07:58,784 exceptions 400 Bad Request: /
WARNING 2026-04-07 03:29:51,696 exceptions 400 Bad Request: /
WARNING 2026-04-07 04:36:18,087 exceptions 404 Not Found: /api/v1/merchants/49e98f5d-c373-40eb-9d0a-1d6c3b9e07bd
WARNING 2026-04-07 04:36:18,088 exceptions 404 Not Found: /api/v1/merchants/49e98f5d-c373-40eb-9d0a-1d6c3b9e07bd/listings
WARNING 2026-04-07 04:40:01,502 exceptions 404 Not Found: /api/v1/merchants/c02eccb0-6b82-4540-8e46-66aa62eba121/listings
WARNING 2026-04-07 04:40:01,508 exceptions 404 Not Found: /api/v1/merchants/c02eccb0-6b82-4540-8e46-66aa62eba121
WARNING 2026-04-07 04:48:17,225 exceptions 404 Not Found: /api/v1/merchants/49e98f5d-c373-40eb-9d0a-1d6c3b9e07bd
WARNING 2026-04-07 04:48:17,225 exceptions 404 Not Found: /api/v1/merchants/49e98f5d-c373-40eb-9d0a-1d6c3b9e07bd/listings
WARNING 2026-04-07 04:50:41,000 exceptions 404 Not Found: /api/v1/merchants/49e98f5d-c373-40eb-9d0a-1d6c3b9e07bd/listings
WARNING 2026-04-07 04:50:41,004 exceptions 404 Not Found: /api/v1/merchants/49e98f5d-c373-40eb-9d0a-1d6c3b9e07bd
WARNING 2026-04-07 05:07:03,458 exceptions 404 Not Found: /api/v1/merchants/24f81b9c-3817-4e3d-9d10-d34e080eb46b
WARNING 2026-04-07 05:07:03,459 exceptions 404 Not Found: /api/v1/merchants/24f81b9c-3817-4e3d-9d10-d34e080eb46b/listings
WARNING 2026-04-07 05:07:08,915 exceptions 404 Not Found: /api/v1/merchants/49e98f5d-c373-40eb-9d0a-1d6c3b9e07bd/listings
WARNING 2026-04-07 05:07:08,915 exceptions 404 Not Found: /api/v1/merchants/49e98f5d-c373-40eb-9d0a-1d6c3b9e07bd
WARNING 2026-04-07 05:37:12,813 exceptions 404 Not Found: /admin
WARNING 2026-04-07 05:37:15,879 exceptions 404 Not Found: /favicon.ico
WARNING 2026-04-07 05:38:28,397 exceptions 404 Not Found: /api/v1/merchants/49e98f5d-c373-40eb-9d0a-1d6c3b9e07bd
WARNING 2026-04-07 05:38:28,947 exceptions 404 Not Found: /api/v1/merchants/49e98f5d-c373-40eb-9d0a-1d6c3b9e07bd/listings
WARNING 2026-04-07 06:21:54,810 exceptions 404 Not Found: /admin
WARNING 2026-04-07 06:21:57,508 exceptions 404 Not Found: /favicon.ico
WARNING 2026-04-07 06:22:00,947 exceptions 404 Not Found: /favicon.ico
WARNING 2026-04-07 06:25:54,004 exceptions 404 Not Found: /api/v1/merchants/4539c6d1-5a94-442a-ad71-e14b955fe578/listings
WARNING 2026-04-07 06:25:54,005 exceptions 404 Not Found: /api/v1/merchants/4539c6d1-5a94-442a-ad71-e14b955fe578
WARNING 2026-04-07 06:27:52,226 exceptions 404 Not Found: /api/v1/merchants/ff689222-9d66-4eac-8534-9e0ee4af002a
WARNING 2026-04-07 06:27:52,226 exceptions 404 Not Found: /api/v1/merchants/ff689222-9d66-4eac-8534-9e0ee4af002a/listings
WARNING 2026-04-07 06:45:17,376 exceptions 404 Not Found: /api/v1/merchants/ff689222-9d66-4eac-8534-9e0ee4af002a
WARNING 2026-04-07 06:45:18,015 exceptions 404 Not Found: /api/v1/merchants/ff689222-9d66-4eac-8534-9e0ee4af002a/listings
WARNING 2026-04-07 06:58:06,645 exceptions 404 Not Found: /api/v1/merchants/4539c6d1-5a94-442a-ad71-e14b955fe578/listings
WARNING 2026-04-07 06:58:06,646 exceptions 404 Not Found: /api/v1/merchants/4539c6d1-5a94-442a-ad71-e14b955fe578
WARNING 2026-04-07 09:53:46,735 exceptions 404 Not Found: /robots.txt
WARNING 2026-04-07 09:53:49,264 exceptions 404 Not Found: /robots.txt
WARNING 2026-04-07 10:36:55,539 exceptions 404 Not Found: /admin
WARNING 2026-04-07 10:36:58,007 exceptions 404 Not Found: /favicon.ico
WARNING 2026-04-07 10:55:44,592 exceptions 404 Not Found: /favicon.ico
WARNING 2026-04-07 11:07:02,537 exceptions 400 Bad Request: /
WARNING 2026-04-07 12:21:44,768 exceptions 404 Not Found: /robots.txt
WARNING 2026-04-07 13:52:58,111 exceptions 400 Bad Request: /
WARNING 2026-04-07 13:54:03,142 exceptions 400 Bad Request: /sitemap.xml
WARNING 2026-04-07 18:50:25,499 exceptions 404 Not Found: /.git/config
WARNING 2026-04-07 20:58:23,234 exceptions 404 Not Found: /api/v1/order-groups/c9648c21-b423-4fb2-980f-ceb1c6ad1f6d/
